<?xml version="1.0" encoding="UTF-8"?>
<testng-results skipped="0" failed="0" total="1" passed="1">
  <reporter-output>
  </reporter-output>
  <suite name="Tests" duration-ms="9721" started-at="2016-08-01T14:04:09Z" finished-at="2016-08-01T14:04:18Z">
    <groups>
    </groups>
    <test name="Test1" duration-ms="9721" started-at="2016-08-01T14:04:09Z" finished-at="2016-08-01T14:04:18Z">
      <class name="ru.st.selenium.SearchMovie">
        <test-method status="PASS" signature="init()[pri:0, instance:ru.st.selenium.SearchMovie@60addb54]" name="init" is-config="true" duration-ms="6530" started-at="2016-08-01T17:04:09Z" finished-at="2016-08-01T17:04:15Z">
          <reporter-output>
          </reporter-output>
        </test-method> <!-- init -->
        <test-method status="PASS" signature="searchMovieOK()[pri:0, instance:ru.st.selenium.SearchMovie@60addb54]" name="searchMovieOK" duration-ms="3178" started-at="2016-08-01T17:04:15Z" finished-at="2016-08-01T17:04:18Z">
          <reporter-output>
          </reporter-output>
        </test-method> <!-- searchMovieOK -->
        <test-method status="PASS" signature="stop()[pri:0, instance:ru.st.selenium.SearchMovie@60addb54]" name="stop" is-config="true" duration-ms="637" started-at="2016-08-01T17:04:18Z" finished-at="2016-08-01T17:04:19Z">
          <reporter-output>
          </reporter-output>
        </test-method> <!-- stop -->
      </class> <!-- ru.st.selenium.SearchMovie -->
    </test> <!-- Test1 -->
  </suite> <!-- Tests -->
</testng-results>
